<?xml version="1.0" encoding="UTF-8"?>
<coverage generated="1703238926721" clover="3.2.0">
  <project timestamp="1703238926721" name="All files">
    <metrics statements="232" coveredstatements="161" conditionals="42" coveredconditionals="24" methods="35" coveredmethods="26" elements="309" coveredelements="211" complexity="0" loc="232" ncloc="232" packages="5" files="12" classes="12"/>
    <package name="server-side">
      <metrics statements="24" coveredstatements="24" conditionals="2" coveredconditionals="1" methods="0" coveredmethods="0"/>
      <file name="app.js" path="C:\Users\Tasya\personal\Downloads\Hacktiv8\phase2\week3\day1\IP-HCK65\server-side\app.js">
        <metrics statements="24" coveredstatements="24" conditionals="2" coveredconditionals="1" methods="0" coveredmethods="0"/>
        <line num="3" count="7" type="cond" truecount="1" falsecount="1"/>
        <line num="4" count="7" type="stmt"/>
        <line num="8" count="7" type="stmt"/>
        <line num="9" count="7" type="stmt"/>
        <line num="10" count="7" type="stmt"/>
        <line num="11" count="7" type="stmt"/>
        <line num="13" count="7" type="stmt"/>
        <line num="15" count="7" type="stmt"/>
        <line num="16" count="7" type="stmt"/>
        <line num="18" count="7" type="stmt"/>
        <line num="21" count="7" type="stmt"/>
        <line num="22" count="7" type="stmt"/>
        <line num="23" count="7" type="stmt"/>
        <line num="25" count="7" type="stmt"/>
        <line num="26" count="7" type="stmt"/>
        <line num="27" count="7" type="stmt"/>
        <line num="28" count="7" type="stmt"/>
        <line num="29" count="7" type="stmt"/>
        <line num="30" count="7" type="stmt"/>
        <line num="31" count="7" type="stmt"/>
        <line num="32" count="7" type="stmt"/>
        <line num="33" count="7" type="stmt"/>
        <line num="34" count="7" type="stmt"/>
        <line num="40" count="7" type="stmt"/>
      </file>
    </package>
    <package name="server-side.controllers">
      <metrics statements="106" coveredstatements="46" conditionals="18" coveredconditionals="9" methods="12" coveredmethods="6"/>
      <file name="controller.js" path="C:\Users\Tasya\personal\Downloads\Hacktiv8\phase2\week3\day1\IP-HCK65\server-side\controllers\controller.js">
        <metrics statements="106" coveredstatements="46" conditionals="18" coveredconditionals="9" methods="12" coveredmethods="6"/>
        <line num="1" count="7" type="stmt"/>
        <line num="2" count="7" type="stmt"/>
        <line num="3" count="7" type="stmt"/>
        <line num="5" count="7" type="stmt"/>
        <line num="6" count="7" type="stmt"/>
        <line num="7" count="7" type="stmt"/>
        <line num="8" count="7" type="stmt"/>
        <line num="13" count="0" type="stmt"/>
        <line num="14" count="0" type="stmt"/>
        <line num="16" count="0" type="stmt"/>
        <line num="17" count="0" type="stmt"/>
        <line num="19" count="0" type="stmt"/>
        <line num="28" count="0" type="stmt"/>
        <line num="33" count="5" type="stmt"/>
        <line num="34" count="5" type="stmt"/>
        <line num="36" count="5" type="cond" truecount="2" falsecount="0"/>
        <line num="37" count="1" type="stmt"/>
        <line num="38" count="4" type="cond" truecount="2" falsecount="0"/>
        <line num="39" count="1" type="stmt"/>
        <line num="42" count="3" type="stmt"/>
        <line num="44" count="3" type="cond" truecount="1" falsecount="1"/>
        <line num="45" count="3" type="stmt"/>
        <line num="48" count="0" type="stmt"/>
        <line num="49" count="0" type="cond" truecount="0" falsecount="2"/>
        <line num="50" count="0" type="stmt"/>
        <line num="53" count="0" type="stmt"/>
        <line num="55" count="0" type="stmt"/>
        <line num="57" count="5" type="stmt"/>
        <line num="63" count="5" type="stmt"/>
        <line num="82" count="1" type="stmt"/>
        <line num="83" count="1" type="stmt"/>
        <line num="84" count="1" type="stmt"/>
        <line num="86" count="1" type="stmt"/>
        <line num="88" count="0" type="stmt"/>
        <line num="90" count="0" type="stmt"/>
        <line num="95" count="3" type="stmt"/>
        <line num="96" count="3" type="stmt"/>
        <line num="97" count="3" type="stmt"/>
        <line num="98" count="3" type="cond" truecount="2" falsecount="0"/>
        <line num="99" count="1" type="stmt"/>
        <line num="102" count="2" type="stmt"/>
        <line num="104" count="1" type="stmt"/>
        <line num="110" count="1" type="stmt"/>
        <line num="115" count="1" type="stmt"/>
        <line num="116" count="1" type="stmt"/>
        <line num="118" count="1" type="stmt"/>
        <line num="120" count="0" type="stmt"/>
        <line num="125" count="2" type="stmt"/>
        <line num="126" count="2" type="stmt"/>
        <line num="128" count="2" type="stmt"/>
        <line num="133" count="2" type="stmt"/>
        <line num="135" count="0" type="stmt"/>
        <line num="137" count="0" type="stmt"/>
        <line num="142" count="0" type="stmt"/>
        <line num="143" count="0" type="stmt"/>
        <line num="144" count="0" type="stmt"/>
        <line num="145" count="0" type="stmt"/>
        <line num="146" count="0" type="stmt"/>
        <line num="151" count="0" type="stmt"/>
        <line num="164" count="0" type="stmt"/>
        <line num="165" count="0" type="stmt"/>
        <line num="167" count="0" type="stmt"/>
        <line num="169" count="0" type="stmt"/>
        <line num="174" count="3" type="stmt"/>
        <line num="175" count="3" type="stmt"/>
        <line num="176" count="3" type="stmt"/>
        <line num="177" count="3" type="cond" truecount="2" falsecount="0"/>
        <line num="178" count="2" type="stmt"/>
        <line num="183" count="1" type="stmt"/>
        <line num="187" count="1" type="stmt"/>
        <line num="201" count="2" type="stmt"/>
        <line num="206" count="0" type="stmt"/>
        <line num="207" count="0" type="stmt"/>
        <line num="208" count="0" type="cond" truecount="0" falsecount="2"/>
        <line num="209" count="0" type="stmt"/>
        <line num="214" count="0" type="stmt"/>
        <line num="218" count="0" type="stmt"/>
        <line num="222" count="0" type="stmt"/>
        <line num="226" count="0" type="stmt"/>
        <line num="231" count="0" type="stmt"/>
        <line num="232" count="0" type="stmt"/>
        <line num="234" count="0" type="cond" truecount="0" falsecount="2"/>
        <line num="235" count="0" type="stmt"/>
        <line num="238" count="0" type="stmt"/>
        <line num="240" count="0" type="stmt"/>
        <line num="242" count="0" type="stmt"/>
        <line num="247" count="0" type="stmt"/>
        <line num="248" count="0" type="stmt"/>
        <line num="250" count="0" type="stmt"/>
        <line num="251" count="0" type="stmt"/>
        <line num="253" count="0" type="stmt"/>
        <line num="255" count="0" type="stmt"/>
        <line num="260" count="0" type="stmt"/>
        <line num="261" count="0" type="stmt"/>
        <line num="262" count="0" type="stmt"/>
        <line num="267" count="0" type="stmt"/>
        <line num="268" count="0" type="stmt"/>
        <line num="270" count="0" type="stmt"/>
        <line num="271" count="0" type="cond" truecount="0" falsecount="2"/>
        <line num="272" count="0" type="stmt"/>
        <line num="279" count="0" type="stmt"/>
        <line num="280" count="0" type="stmt"/>
        <line num="282" count="0" type="stmt"/>
        <line num="284" count="0" type="stmt"/>
        <line num="288" count="0" type="stmt"/>
        <line num="293" count="7" type="stmt"/>
      </file>
    </package>
    <package name="server-side.helpers">
      <metrics statements="23" coveredstatements="19" conditionals="2" coveredconditionals="0" methods="6" coveredmethods="4"/>
      <file name="bcrypt.js" path="C:\Users\Tasya\personal\Downloads\Hacktiv8\phase2\week3\day1\IP-HCK65\server-side\helpers\bcrypt.js">
        <metrics statements="7" coveredstatements="6" conditionals="0" coveredconditionals="0" methods="2" coveredmethods="1"/>
        <line num="1" count="7" type="stmt"/>
        <line num="3" count="7" type="stmt"/>
        <line num="4" count="7" type="stmt"/>
        <line num="5" count="7" type="stmt"/>
        <line num="8" count="7" type="stmt"/>
        <line num="9" count="0" type="stmt"/>
        <line num="12" count="7" type="stmt"/>
      </file>
      <file name="jwt.js" path="C:\Users\Tasya\personal\Downloads\Hacktiv8\phase2\week3\day1\IP-HCK65\server-side\helpers\jwt.js">
        <metrics statements="7" coveredstatements="7" conditionals="0" coveredconditionals="0" methods="2" coveredmethods="2"/>
        <line num="1" count="7" type="stmt"/>
        <line num="2" count="7" type="stmt"/>
        <line num="6" count="7" type="stmt"/>
        <line num="7" count="6" type="stmt"/>
        <line num="10" count="7" type="stmt"/>
        <line num="11" count="23" type="stmt"/>
        <line num="14" count="7" type="stmt"/>
      </file>
      <file name="nodemailer.js" path="C:\Users\Tasya\personal\Downloads\Hacktiv8\phase2\week3\day1\IP-HCK65\server-side\helpers\nodemailer.js">
        <metrics statements="9" coveredstatements="6" conditionals="2" coveredconditionals="0" methods="2" coveredmethods="1"/>
        <line num="1" count="7" type="stmt"/>
        <line num="4" count="7" type="stmt"/>
        <line num="6" count="7" type="stmt"/>
        <line num="14" count="7" type="stmt"/>
        <line num="21" count="7" type="stmt"/>
        <line num="22" count="0" type="cond" truecount="0" falsecount="2"/>
        <line num="23" count="0" type="stmt"/>
        <line num="25" count="0" type="stmt"/>
        <line num="30" count="7" type="stmt"/>
      </file>
    </package>
    <package name="server-side.middlewares">
      <metrics statements="26" coveredstatements="21" conditionals="10" coveredconditionals="7" methods="1" coveredmethods="1"/>
      <file name="authentication.js" path="C:\Users\Tasya\personal\Downloads\Hacktiv8\phase2\week3\day1\IP-HCK65\server-side\middlewares\authentication.js">
        <metrics statements="26" coveredstatements="21" conditionals="10" coveredconditionals="7" methods="1" coveredmethods="1"/>
        <line num="1" count="7" type="stmt"/>
        <line num="2" count="7" type="stmt"/>
        <line num="5" count="31" type="stmt"/>
        <line num="6" count="31" type="stmt"/>
        <line num="8" count="31" type="stmt"/>
        <line num="9" count="31" type="cond" truecount="2" falsecount="0"/>
        <line num="10" count="8" type="stmt"/>
        <line num="11" count="8" type="stmt"/>
        <line num="13" count="23" type="stmt"/>
        <line num="14" count="23" type="cond" truecount="1" falsecount="1"/>
        <line num="15" count="0" type="stmt"/>
        <line num="16" count="0" type="stmt"/>
        <line num="19" count="23" type="stmt"/>
        <line num="20" count="23" type="stmt"/>
        <line num="22" count="17" type="stmt"/>
        <line num="23" count="17" type="stmt"/>
        <line num="25" count="17" type="cond" truecount="1" falsecount="1"/>
        <line num="26" count="0" type="stmt"/>
        <line num="28" count="0" type="stmt"/>
        <line num="31" count="17" type="stmt"/>
        <line num="35" count="17" type="stmt"/>
        <line num="37" count="14" type="stmt"/>
        <line num="38" count="14" type="cond" truecount="3" falsecount="1"/>
        <line num="39" count="14" type="stmt"/>
        <line num="41" count="0" type="stmt"/>
        <line num="45" count="7" type="stmt"/>
      </file>
    </package>
    <package name="server-side.models">
      <metrics statements="53" coveredstatements="51" conditionals="10" coveredconditionals="7" methods="16" coveredmethods="15"/>
      <file name="category.js" path="C:\Users\Tasya\personal\Downloads\Hacktiv8\phase2\week3\day1\IP-HCK65\server-side\models\category.js">
        <metrics statements="5" coveredstatements="5" conditionals="0" coveredconditionals="0" methods="2" coveredmethods="2"/>
        <line num="4" count="7" type="stmt"/>
        <line num="5" count="7" type="stmt"/>
        <line num="14" count="7" type="stmt"/>
        <line num="20" count="7" type="stmt"/>
        <line num="26" count="7" type="stmt"/>
      </file>
      <file name="feedback.js" path="C:\Users\Tasya\personal\Downloads\Hacktiv8\phase2\week3\day1\IP-HCK65\server-side\models\feedback.js">
        <metrics statements="4" coveredstatements="4" conditionals="0" coveredconditionals="0" methods="2" coveredmethods="2"/>
        <line num="4" count="7" type="stmt"/>
        <line num="5" count="7" type="stmt"/>
        <line num="16" count="7" type="stmt"/>
        <line num="40" count="7" type="stmt"/>
      </file>
      <file name="index.js" path="C:\Users\Tasya\personal\Downloads\Hacktiv8\phase2\week3\day1\IP-HCK65\server-side\models\index.js">
        <metrics statements="21" coveredstatements="20" conditionals="10" coveredconditionals="7" methods="3" coveredmethods="3"/>
        <line num="3" count="7" type="stmt"/>
        <line num="4" count="7" type="stmt"/>
        <line num="5" count="7" type="stmt"/>
        <line num="6" count="7" type="stmt"/>
        <line num="7" count="7" type="stmt"/>
        <line num="8" count="7" type="cond" truecount="1" falsecount="1"/>
        <line num="9" count="7" type="stmt"/>
        <line num="10" count="7" type="stmt"/>
        <line num="13" count="7" type="cond" truecount="1" falsecount="1"/>
        <line num="14" count="0" type="stmt"/>
        <line num="16" count="7" type="stmt"/>
        <line num="19" count="7" type="stmt"/>
        <line num="22" count="42" type="stmt"/>
        <line num="30" count="35" type="stmt"/>
        <line num="31" count="35" type="stmt"/>
        <line num="34" count="7" type="stmt"/>
        <line num="35" count="35" type="cond" truecount="1" falsecount="1"/>
        <line num="36" count="35" type="stmt"/>
        <line num="40" count="7" type="stmt"/>
        <line num="41" count="7" type="stmt"/>
        <line num="43" count="7" type="stmt"/>
      </file>
      <file name="recipe.js" path="C:\Users\Tasya\personal\Downloads\Hacktiv8\phase2\week3\day1\IP-HCK65\server-side\models\recipe.js">
        <metrics statements="8" coveredstatements="7" conditionals="0" coveredconditionals="0" methods="3" coveredmethods="2"/>
        <line num="2" count="7" type="stmt"/>
        <line num="3" count="7" type="stmt"/>
        <line num="12" count="7" type="stmt"/>
        <line num="15" count="7" type="stmt"/>
        <line num="18" count="7" type="stmt"/>
        <line num="76" count="7" type="stmt"/>
        <line num="77" count="0" type="stmt"/>
        <line num="79" count="7" type="stmt"/>
      </file>
      <file name="transaction.js" path="C:\Users\Tasya\personal\Downloads\Hacktiv8\phase2\week3\day1\IP-HCK65\server-side\models\transaction.js">
        <metrics statements="4" coveredstatements="4" conditionals="0" coveredconditionals="0" methods="2" coveredmethods="2"/>
        <line num="4" count="7" type="stmt"/>
        <line num="5" count="7" type="stmt"/>
        <line num="16" count="7" type="stmt"/>
        <line num="24" count="7" type="stmt"/>
      </file>
      <file name="user.js" path="C:\Users\Tasya\personal\Downloads\Hacktiv8\phase2\week3\day1\IP-HCK65\server-side\models\user.js">
        <metrics statements="11" coveredstatements="11" conditionals="0" coveredconditionals="0" methods="4" coveredmethods="4"/>
        <line num="2" count="7" type="stmt"/>
        <line num="3" count="7" type="stmt"/>
        <line num="4" count="7" type="stmt"/>
        <line num="5" count="7" type="stmt"/>
        <line num="16" count="7" type="stmt"/>
        <line num="72" count="7" type="stmt"/>
        <line num="73" count="7" type="stmt"/>
        <line num="74" count="7" type="stmt"/>
        <line num="77" count="7" type="stmt"/>
        <line num="78" count="7" type="stmt"/>
        <line num="82" count="7" type="stmt"/>
      </file>
    </package>
  </project>
</coverage>
