{"C:\\Users\\Tasya\\personal\\Downloads\\Hacktiv8\\phase2\\week3\\day1\\IP-HCK65\\server-side\\app.js": {"path":"C:\\Users\\Tasya\\personal\\Downloads\\Hacktiv8\\phase2\\week3\\day1\\IP-HCK65\\server-side\\app.js","statementMap":{"0":{"start":{"line":3,"column":0},"end":{"line":5,"column":1}},"1":{"start":{"line":4,"column":2},"end":{"line":4,"column":29}},"2":{"start":{"line":8,"column":16},"end":{"line":8,"column":34}},"3":{"start":{"line":9,"column":19},"end":{"line":9,"column":54}},"4":{"start":{"line":10,"column":23},"end":{"line":10,"column":62}},"5":{"start":{"line":11,"column":13},"end":{"line":11,"column":28}},"6":{"start":{"line":13,"column":12},"end":{"line":13,"column":21}},"7":{"start":{"line":15,"column":0},"end":{"line":15,"column":24}},"8":{"start":{"line":16,"column":0},"end":{"line":16,"column":48}},"9":{"start":{"line":18,"column":0},"end":{"line":18,"column":16}},"10":{"start":{"line":21,"column":0},"end":{"line":21,"column":36}},"11":{"start":{"line":22,"column":0},"end":{"line":22,"column":49}},"12":{"start":{"line":23,"column":0},"end":{"line":23,"column":42}},"13":{"start":{"line":25,"column":0},"end":{"line":25,"column":23}},"14":{"start":{"line":26,"column":0},"end":{"line":26,"column":57}},"15":{"start":{"line":27,"column":0},"end":{"line":27,"column":65}},"16":{"start":{"line":28,"column":0},"end":{"line":28,"column":60}},"17":{"start":{"line":29,"column":0},"end":{"line":29,"column":66}},"18":{"start":{"line":30,"column":0},"end":{"line":30,"column":75}},"19":{"start":{"line":31,"column":0},"end":{"line":31,"column":77}},"20":{"start":{"line":32,"column":0},"end":{"line":32,"column":57}},"21":{"start":{"line":33,"column":0},"end":{"line":33,"column":52}},"22":{"start":{"line":34,"column":0},"end":{"line":34,"column":56}},"23":{"start":{"line":40,"column":0},"end":{"line":40,"column":20}}},"fnMap":{},"branchMap":{"0":{"loc":{"start":{"line":3,"column":0},"end":{"line":5,"column":1}},"type":"if","locations":[{"start":{"line":3,"column":0},"end":{"line":5,"column":1}},{"start":{},"end":{}}],"line":3}},"s":{"0":7,"1":7,"2":7,"3":7,"4":7,"5":7,"6":7,"7":7,"8":7,"9":7,"10":7,"11":7,"12":7,"13":7,"14":7,"15":7,"16":7,"17":7,"18":7,"19":7,"20":7,"21":7,"22":7,"23":7},"f":{},"b":{"0":[7,0]},"_coverageSchema":"1a1c01bbd47fc00a2c39e90264f33305004495a9","hash":"6a644c9027f67504210a1f0c75e2be35b3b41437"}
,"C:\\Users\\Tasya\\personal\\Downloads\\Hacktiv8\\phase2\\week3\\day1\\IP-HCK65\\server-side\\controllers\\controller.js": {"path":"C:\\Users\\Tasya\\personal\\Downloads\\Hacktiv8\\phase2\\week3\\day1\\IP-HCK65\\server-side\\controllers\\controller.js","statementMap":{"0":{"start":{"line":1,"column":28},"end":{"line":1,"column":56}},"1":{"start":{"line":2,"column":22},"end":{"line":2,"column":47}},"2":{"start":{"line":3,"column":35},"end":{"line":3,"column":55}},"3":{"start":{"line":5,"column":23},"end":{"line":5,"column":49}},"4":{"start":{"line":6,"column":24},"end":{"line":6,"column":51}},"5":{"start":{"line":7,"column":25},"end":{"line":7,"column":55}},"6":{"start":{"line":8,"column":15},"end":{"line":8,"column":33}},"7":{"start":{"line":13,"column":4},"end":{"line":29,"column":5}},"8":{"start":{"line":14,"column":44},"end":{"line":14,"column":52}},"9":{"start":{"line":16,"column":22},"end":{"line":16,"column":70}},"10":{"start":{"line":17,"column":6},"end":{"line":17,"column":69}},"11":{"start":{"line":19,"column":6},"end":{"line":19,"column":25}},"12":{"start":{"line":28,"column":6},"end":{"line":28,"column":13}},"13":{"start":{"line":33,"column":4},"end":{"line":64,"column":5}},"14":{"start":{"line":34,"column":44},"end":{"line":34,"column":52}},"15":{"start":{"line":36,"column":6},"end":{"line":40,"column":7}},"16":{"start":{"line":37,"column":8},"end":{"line":37,"column":58}},"17":{"start":{"line":38,"column":13},"end":{"line":40,"column":7}},"18":{"start":{"line":39,"column":8},"end":{"line":39,"column":61}},"19":{"start":{"line":42,"column":19},"end":{"line":42,"column":59}},"20":{"start":{"line":44,"column":6},"end":{"line":46,"column":7}},"21":{"start":{"line":45,"column":8},"end":{"line":45,"column":63}},"22":{"start":{"line":48,"column":29},"end":{"line":48,"column":69}},"23":{"start":{"line":49,"column":6},"end":{"line":51,"column":7}},"24":{"start":{"line":50,"column":8},"end":{"line":50,"column":63}},"25":{"start":{"line":53,"column":27},"end":{"line":53,"column":53}},"26":{"start":{"line":55,"column":6},"end":{"line":55,"column":45}},"27":{"start":{"line":57,"column":6},"end":{"line":57,"column":25}},"28":{"start":{"line":63,"column":6},"end":{"line":63,"column":13}},"29":{"start":{"line":82,"column":4},"end":{"line":91,"column":5}},"30":{"start":{"line":83,"column":22},"end":{"line":83,"column":44}},"31":{"start":{"line":84,"column":6},"end":{"line":84,"column":36}},"32":{"start":{"line":86,"column":6},"end":{"line":86,"column":36}},"33":{"start":{"line":88,"column":6},"end":{"line":88,"column":25}},"34":{"start":{"line":90,"column":6},"end":{"line":90,"column":13}},"35":{"start":{"line":95,"column":4},"end":{"line":111,"column":5}},"36":{"start":{"line":96,"column":6},"end":{"line":96,"column":43}},"37":{"start":{"line":97,"column":21},"end":{"line":97,"column":58}},"38":{"start":{"line":98,"column":6},"end":{"line":100,"column":7}},"39":{"start":{"line":99,"column":8},"end":{"line":99,"column":50}},"40":{"start":{"line":102,"column":6},"end":{"line":102,"column":35}},"41":{"start":{"line":104,"column":6},"end":{"line":104,"column":25}},"42":{"start":{"line":110,"column":6},"end":{"line":110,"column":13}},"43":{"start":{"line":115,"column":4},"end":{"line":121,"column":5}},"44":{"start":{"line":116,"column":23},"end":{"line":116,"column":47}},"45":{"start":{"line":118,"column":6},"end":{"line":118,"column":37}},"46":{"start":{"line":120,"column":6},"end":{"line":120,"column":66}},"47":{"start":{"line":125,"column":4},"end":{"line":138,"column":5}},"48":{"start":{"line":126,"column":39},"end":{"line":126,"column":47}},"49":{"start":{"line":128,"column":29},"end":{"line":132,"column":8}},"50":{"start":{"line":133,"column":6},"end":{"line":133,"column":43}},"51":{"start":{"line":135,"column":6},"end":{"line":135,"column":25}},"52":{"start":{"line":137,"column":6},"end":{"line":137,"column":13}},"53":{"start":{"line":142,"column":4},"end":{"line":170,"column":5}},"54":{"start":{"line":143,"column":6},"end":{"line":143,"column":31}},"55":{"start":{"line":144,"column":17},"end":{"line":144,"column":49}},"56":{"start":{"line":145,"column":6},"end":{"line":145,"column":36}},"57":{"start":{"line":146,"column":17},"end":{"line":149,"column":8}},"58":{"start":{"line":151,"column":22},"end":{"line":163,"column":7}},"59":{"start":{"line":164,"column":28},"end":{"line":164,"column":67}},"60":{"start":{"line":165,"column":6},"end":{"line":165,"column":42}},"61":{"start":{"line":167,"column":6},"end":{"line":167,"column":25}},"62":{"start":{"line":169,"column":6},"end":{"line":169,"column":13}},"63":{"start":{"line":174,"column":4},"end":{"line":202,"column":5}},"64":{"start":{"line":175,"column":39},"end":{"line":175,"column":47}},"65":{"start":{"line":176,"column":25},"end":{"line":176,"column":63}},"66":{"start":{"line":177,"column":6},"end":{"line":181,"column":7}},"67":{"start":{"line":178,"column":8},"end":{"line":180,"column":10}},"68":{"start":{"line":183,"column":6},"end":{"line":186,"column":8}},"69":{"start":{"line":187,"column":6},"end":{"line":189,"column":9}},"70":{"start":{"line":201,"column":6},"end":{"line":201,"column":13}},"71":{"start":{"line":206,"column":4},"end":{"line":227,"column":5}},"72":{"start":{"line":207,"column":23},"end":{"line":207,"column":59}},"73":{"start":{"line":208,"column":6},"end":{"line":212,"column":7}},"74":{"start":{"line":209,"column":8},"end":{"line":211,"column":10}},"75":{"start":{"line":214,"column":6},"end":{"line":217,"column":8}},"76":{"start":{"line":218,"column":6},"end":{"line":220,"column":9}},"77":{"start":{"line":222,"column":6},"end":{"line":222,"column":25}},"78":{"start":{"line":226,"column":6},"end":{"line":226,"column":13}},"79":{"start":{"line":231,"column":4},"end":{"line":243,"column":5}},"80":{"start":{"line":232,"column":23},"end":{"line":232,"column":61}},"81":{"start":{"line":234,"column":6},"end":{"line":236,"column":7}},"82":{"start":{"line":235,"column":8},"end":{"line":235,"column":62}},"83":{"start":{"line":238,"column":6},"end":{"line":238,"column":44}},"84":{"start":{"line":240,"column":6},"end":{"line":240,"column":27}},"85":{"start":{"line":242,"column":6},"end":{"line":242,"column":13}},"86":{"start":{"line":247,"column":4},"end":{"line":256,"column":5}},"87":{"start":{"line":248,"column":21},"end":{"line":248,"column":31}},"88":{"start":{"line":250,"column":6},"end":{"line":250,"column":52}},"89":{"start":{"line":251,"column":6},"end":{"line":251,"column":58}},"90":{"start":{"line":253,"column":6},"end":{"line":253,"column":25}},"91":{"start":{"line":255,"column":6},"end":{"line":255,"column":13}},"92":{"start":{"line":260,"column":4},"end":{"line":289,"column":5}},"93":{"start":{"line":261,"column":6},"end":{"line":261,"column":61}},"94":{"start":{"line":262,"column":21},"end":{"line":265,"column":8}},"95":{"start":{"line":267,"column":22},"end":{"line":267,"column":41}},"96":{"start":{"line":268,"column":6},"end":{"line":268,"column":49}},"97":{"start":{"line":270,"column":23},"end":{"line":270,"column":78}},"98":{"start":{"line":271,"column":6},"end":{"line":277,"column":7}},"99":{"start":{"line":272,"column":21},"end":{"line":276,"column":10}},"100":{"start":{"line":279,"column":6},"end":{"line":279,"column":55}},"101":{"start":{"line":280,"column":27},"end":{"line":280,"column":57}},"102":{"start":{"line":282,"column":6},"end":{"line":282,"column":45}},"103":{"start":{"line":284,"column":6},"end":{"line":284,"column":25}},"104":{"start":{"line":288,"column":6},"end":{"line":288,"column":13}},"105":{"start":{"line":293,"column":0},"end":{"line":293,"column":28}}},"fnMap":{"0":{"name":"(anonymous_0)","decl":{"start":{"line":12,"column":2},"end":{"line":12,"column":3}},"loc":{"start":{"line":12,"column":40},"end":{"line":30,"column":3}},"line":12},"1":{"name":"(anonymous_1)","decl":{"start":{"line":32,"column":2},"end":{"line":32,"column":3}},"loc":{"start":{"line":32,"column":37},"end":{"line":65,"column":3}},"line":32},"2":{"name":"(anonymous_2)","decl":{"start":{"line":81,"column":2},"end":{"line":81,"column":3}},"loc":{"start":{"line":81,"column":42},"end":{"line":92,"column":3}},"line":81},"3":{"name":"(anonymous_3)","decl":{"start":{"line":94,"column":2},"end":{"line":94,"column":3}},"loc":{"start":{"line":94,"column":46},"end":{"line":112,"column":3}},"line":94},"4":{"name":"(anonymous_4)","decl":{"start":{"line":114,"column":2},"end":{"line":114,"column":3}},"loc":{"start":{"line":114,"column":43},"end":{"line":122,"column":3}},"line":114},"5":{"name":"(anonymous_5)","decl":{"start":{"line":124,"column":2},"end":{"line":124,"column":3}},"loc":{"start":{"line":124,"column":44},"end":{"line":139,"column":3}},"line":124},"6":{"name":"(anonymous_6)","decl":{"start":{"line":141,"column":2},"end":{"line":141,"column":3}},"loc":{"start":{"line":141,"column":41},"end":{"line":171,"column":3}},"line":141},"7":{"name":"(anonymous_7)","decl":{"start":{"line":173,"column":2},"end":{"line":173,"column":3}},"loc":{"start":{"line":173,"column":42},"end":{"line":203,"column":3}},"line":173},"8":{"name":"(anonymous_8)","decl":{"start":{"line":205,"column":2},"end":{"line":205,"column":3}},"loc":{"start":{"line":205,"column":41},"end":{"line":228,"column":3}},"line":205},"9":{"name":"(anonymous_9)","decl":{"start":{"line":230,"column":2},"end":{"line":230,"column":3}},"loc":{"start":{"line":230,"column":47},"end":{"line":244,"column":3}},"line":230},"10":{"name":"(anonymous_10)","decl":{"start":{"line":246,"column":2},"end":{"line":246,"column":3}},"loc":{"start":{"line":246,"column":46},"end":{"line":257,"column":3}},"line":246},"11":{"name":"(anonymous_11)","decl":{"start":{"line":259,"column":2},"end":{"line":259,"column":3}},"loc":{"start":{"line":259,"column":43},"end":{"line":290,"column":3}},"line":259}},"branchMap":{"0":{"loc":{"start":{"line":36,"column":6},"end":{"line":40,"column":7}},"type":"if","locations":[{"start":{"line":36,"column":6},"end":{"line":40,"column":7}},{"start":{"line":38,"column":13},"end":{"line":40,"column":7}}],"line":36},"1":{"loc":{"start":{"line":38,"column":13},"end":{"line":40,"column":7}},"type":"if","locations":[{"start":{"line":38,"column":13},"end":{"line":40,"column":7}},{"start":{},"end":{}}],"line":38},"2":{"loc":{"start":{"line":44,"column":6},"end":{"line":46,"column":7}},"type":"if","locations":[{"start":{"line":44,"column":6},"end":{"line":46,"column":7}},{"start":{},"end":{}}],"line":44},"3":{"loc":{"start":{"line":49,"column":6},"end":{"line":51,"column":7}},"type":"if","locations":[{"start":{"line":49,"column":6},"end":{"line":51,"column":7}},{"start":{},"end":{}}],"line":49},"4":{"loc":{"start":{"line":98,"column":6},"end":{"line":100,"column":7}},"type":"if","locations":[{"start":{"line":98,"column":6},"end":{"line":100,"column":7}},{"start":{},"end":{}}],"line":98},"5":{"loc":{"start":{"line":177,"column":6},"end":{"line":181,"column":7}},"type":"if","locations":[{"start":{"line":177,"column":6},"end":{"line":181,"column":7}},{"start":{},"end":{}}],"line":177},"6":{"loc":{"start":{"line":208,"column":6},"end":{"line":212,"column":7}},"type":"if","locations":[{"start":{"line":208,"column":6},"end":{"line":212,"column":7}},{"start":{},"end":{}}],"line":208},"7":{"loc":{"start":{"line":234,"column":6},"end":{"line":236,"column":7}},"type":"if","locations":[{"start":{"line":234,"column":6},"end":{"line":236,"column":7}},{"start":{},"end":{}}],"line":234},"8":{"loc":{"start":{"line":271,"column":6},"end":{"line":277,"column":7}},"type":"if","locations":[{"start":{"line":271,"column":6},"end":{"line":277,"column":7}},{"start":{},"end":{}}],"line":271}},"s":{"0":7,"1":7,"2":7,"3":7,"4":7,"5":7,"6":7,"7":0,"8":0,"9":0,"10":0,"11":0,"12":0,"13":5,"14":5,"15":5,"16":1,"17":4,"18":1,"19":3,"20":3,"21":3,"22":0,"23":0,"24":0,"25":0,"26":0,"27":5,"28":5,"29":1,"30":1,"31":1,"32":1,"33":0,"34":0,"35":3,"36":3,"37":3,"38":3,"39":1,"40":2,"41":1,"42":1,"43":1,"44":1,"45":1,"46":0,"47":2,"48":2,"49":2,"50":1,"51":1,"52":1,"53":0,"54":0,"55":0,"56":0,"57":0,"58":0,"59":0,"60":0,"61":0,"62":0,"63":3,"64":3,"65":3,"66":3,"67":2,"68":1,"69":1,"70":2,"71":0,"72":0,"73":0,"74":0,"75":0,"76":0,"77":0,"78":0,"79":0,"80":0,"81":0,"82":0,"83":0,"84":0,"85":0,"86":0,"87":0,"88":0,"89":0,"90":0,"91":0,"92":0,"93":0,"94":0,"95":0,"96":0,"97":0,"98":0,"99":0,"100":0,"101":0,"102":0,"103":0,"104":0,"105":7},"f":{"0":0,"1":5,"2":1,"3":3,"4":1,"5":2,"6":0,"7":3,"8":0,"9":0,"10":0,"11":0},"b":{"0":[1,4],"1":[1,3],"2":[3,0],"3":[0,0],"4":[1,2],"5":[2,1],"6":[0,0],"7":[0,0],"8":[0,0]},"_coverageSchema":"1a1c01bbd47fc00a2c39e90264f33305004495a9","hash":"d1106f6d7d4c5370d631ab4b46f1d9a53e8001fc"}
,"C:\\Users\\Tasya\\personal\\Downloads\\Hacktiv8\\phase2\\week3\\day1\\IP-HCK65\\server-side\\helpers\\bcrypt.js": {"path":"C:\\Users\\Tasya\\personal\\Downloads\\Hacktiv8\\phase2\\week3\\day1\\IP-HCK65\\server-side\\helpers\\bcrypt.js","statementMap":{"0":{"start":{"line":1,"column":15},"end":{"line":1,"column":34}},"1":{"start":{"line":3,"column":21},"end":{"line":6,"column":1}},"2":{"start":{"line":4,"column":15},"end":{"line":4,"column":37}},"3":{"start":{"line":5,"column":2},"end":{"line":5,"column":41}},"4":{"start":{"line":8,"column":24},"end":{"line":10,"column":1}},"5":{"start":{"line":9,"column":2},"end":{"line":9,"column":52}},"6":{"start":{"line":12,"column":0},"end":{"line":12,"column":51}}},"fnMap":{"0":{"name":"(anonymous_0)","decl":{"start":{"line":3,"column":21},"end":{"line":3,"column":22}},"loc":{"start":{"line":3,"column":35},"end":{"line":6,"column":1}},"line":3},"1":{"name":"(anonymous_1)","decl":{"start":{"line":8,"column":24},"end":{"line":8,"column":25}},"loc":{"start":{"line":8,"column":52},"end":{"line":10,"column":1}},"line":8}},"branchMap":{},"s":{"0":7,"1":7,"2":7,"3":7,"4":7,"5":0,"6":7},"f":{"0":7,"1":0},"b":{},"_coverageSchema":"1a1c01bbd47fc00a2c39e90264f33305004495a9","hash":"71f8616c03a6de9f3291089fa45f3cdc5cb8476b"}
,"C:\\Users\\Tasya\\personal\\Downloads\\Hacktiv8\\phase2\\week3\\day1\\IP-HCK65\\server-side\\helpers\\jwt.js": {"path":"C:\\Users\\Tasya\\personal\\Downloads\\Hacktiv8\\phase2\\week3\\day1\\IP-HCK65\\server-side\\helpers\\jwt.js","statementMap":{"0":{"start":{"line":1,"column":12},"end":{"line":1,"column":35}},"1":{"start":{"line":2,"column":15},"end":{"line":2,"column":33}},"2":{"start":{"line":6,"column":18},"end":{"line":8,"column":1}},"3":{"start":{"line":7,"column":2},"end":{"line":7,"column":35}},"4":{"start":{"line":10,"column":20},"end":{"line":12,"column":1}},"5":{"start":{"line":11,"column":2},"end":{"line":11,"column":35}},"6":{"start":{"line":14,"column":0},"end":{"line":17,"column":2}}},"fnMap":{"0":{"name":"(anonymous_0)","decl":{"start":{"line":6,"column":18},"end":{"line":6,"column":19}},"loc":{"start":{"line":6,"column":31},"end":{"line":8,"column":1}},"line":6},"1":{"name":"(anonymous_1)","decl":{"start":{"line":10,"column":20},"end":{"line":10,"column":21}},"loc":{"start":{"line":10,"column":31},"end":{"line":12,"column":1}},"line":10}},"branchMap":{},"s":{"0":7,"1":7,"2":7,"3":6,"4":7,"5":23,"6":7},"f":{"0":6,"1":23},"b":{},"_coverageSchema":"1a1c01bbd47fc00a2c39e90264f33305004495a9","hash":"0121cf31aadfd705386184849a75d305a7ca76ea"}
,"C:\\Users\\Tasya\\personal\\Downloads\\Hacktiv8\\phase2\\week3\\day1\\IP-HCK65\\server-side\\helpers\\nodemailer.js": {"path":"C:\\Users\\Tasya\\personal\\Downloads\\Hacktiv8\\phase2\\week3\\day1\\IP-HCK65\\server-side\\helpers\\nodemailer.js","statementMap":{"0":{"start":{"line":1,"column":19},"end":{"line":1,"column":40}},"1":{"start":{"line":4,"column":18},"end":{"line":28,"column":1}},"2":{"start":{"line":6,"column":22},"end":{"line":12,"column":4}},"3":{"start":{"line":14,"column":22},"end":{"line":19,"column":3}},"4":{"start":{"line":21,"column":2},"end":{"line":27,"column":5}},"5":{"start":{"line":22,"column":4},"end":{"line":26,"column":5}},"6":{"start":{"line":23,"column":6},"end":{"line":23,"column":37}},"7":{"start":{"line":25,"column":6},"end":{"line":25,"column":48}},"8":{"start":{"line":30,"column":0},"end":{"line":30,"column":27}}},"fnMap":{"0":{"name":"(anonymous_0)","decl":{"start":{"line":4,"column":18},"end":{"line":4,"column":19}},"loc":{"start":{"line":4,"column":38},"end":{"line":28,"column":1}},"line":4},"1":{"name":"(anonymous_1)","decl":{"start":{"line":21,"column":36},"end":{"line":21,"column":37}},"loc":{"start":{"line":21,"column":53},"end":{"line":27,"column":3}},"line":21}},"branchMap":{"0":{"loc":{"start":{"line":22,"column":4},"end":{"line":26,"column":5}},"type":"if","locations":[{"start":{"line":22,"column":4},"end":{"line":26,"column":5}},{"start":{"line":24,"column":11},"end":{"line":26,"column":5}}],"line":22}},"s":{"0":7,"1":7,"2":7,"3":7,"4":7,"5":0,"6":0,"7":0,"8":7},"f":{"0":7,"1":0},"b":{"0":[0,0]},"_coverageSchema":"1a1c01bbd47fc00a2c39e90264f33305004495a9","hash":"ccd95b98a260162e69075b91861202e3968678e1"}
,"C:\\Users\\Tasya\\personal\\Downloads\\Hacktiv8\\phase2\\week3\\day1\\IP-HCK65\\server-side\\middlewares\\authentication.js": {"path":"C:\\Users\\Tasya\\personal\\Downloads\\Hacktiv8\\phase2\\week3\\day1\\IP-HCK65\\server-side\\middlewares\\authentication.js","statementMap":{"0":{"start":{"line":1,"column":24},"end":{"line":1,"column":49}},"1":{"start":{"line":2,"column":17},"end":{"line":2,"column":37}},"2":{"start":{"line":5,"column":2},"end":{"line":42,"column":3}},"3":{"start":{"line":6,"column":16},"end":{"line":6,"column":41}},"4":{"start":{"line":8,"column":4},"end":{"line":8,"column":45}},"5":{"start":{"line":9,"column":4},"end":{"line":12,"column":5}},"6":{"start":{"line":10,"column":6},"end":{"line":10,"column":30}},"7":{"start":{"line":11,"column":6},"end":{"line":11,"column":37}},"8":{"start":{"line":13,"column":4},"end":{"line":13,"column":35}},"9":{"start":{"line":14,"column":4},"end":{"line":17,"column":5}},"10":{"start":{"line":15,"column":6},"end":{"line":15,"column":28}},"11":{"start":{"line":16,"column":6},"end":{"line":16,"column":37}},"12":{"start":{"line":19,"column":4},"end":{"line":19,"column":27}},"13":{"start":{"line":20,"column":18},"end":{"line":20,"column":36}},"14":{"start":{"line":22,"column":15},"end":{"line":22,"column":46}},"15":{"start":{"line":23,"column":4},"end":{"line":23,"column":36}},"16":{"start":{"line":25,"column":4},"end":{"line":29,"column":5}},"17":{"start":{"line":26,"column":6},"end":{"line":26,"column":28}},"18":{"start":{"line":28,"column":6},"end":{"line":28,"column":37}},"19":{"start":{"line":31,"column":4},"end":{"line":33,"column":6}},"20":{"start":{"line":35,"column":4},"end":{"line":35,"column":11}},"21":{"start":{"line":37,"column":4},"end":{"line":37,"column":23}},"22":{"start":{"line":38,"column":4},"end":{"line":40,"column":5}},"23":{"start":{"line":39,"column":6},"end":{"line":39,"column":64}},"24":{"start":{"line":41,"column":4},"end":{"line":41,"column":32}},"25":{"start":{"line":45,"column":0},"end":{"line":45,"column":32}}},"fnMap":{"0":{"name":"authentication","decl":{"start":{"line":4,"column":15},"end":{"line":4,"column":29}},"loc":{"start":{"line":4,"column":46},"end":{"line":43,"column":1}},"line":4}},"branchMap":{"0":{"loc":{"start":{"line":9,"column":4},"end":{"line":12,"column":5}},"type":"if","locations":[{"start":{"line":9,"column":4},"end":{"line":12,"column":5}},{"start":{},"end":{}}],"line":9},"1":{"loc":{"start":{"line":14,"column":4},"end":{"line":17,"column":5}},"type":"if","locations":[{"start":{"line":14,"column":4},"end":{"line":17,"column":5}},{"start":{},"end":{}}],"line":14},"2":{"loc":{"start":{"line":25,"column":4},"end":{"line":29,"column":5}},"type":"if","locations":[{"start":{"line":25,"column":4},"end":{"line":29,"column":5}},{"start":{},"end":{}}],"line":25},"3":{"loc":{"start":{"line":38,"column":4},"end":{"line":40,"column":5}},"type":"if","locations":[{"start":{"line":38,"column":4},"end":{"line":40,"column":5}},{"start":{},"end":{}}],"line":38},"4":{"loc":{"start":{"line":38,"column":8},"end":{"line":38,"column":75}},"type":"binary-expr","locations":[{"start":{"line":38,"column":8},"end":{"line":38,"column":37}},{"start":{"line":38,"column":41},"end":{"line":38,"column":75}}],"line":38}},"s":{"0":7,"1":7,"2":31,"3":31,"4":31,"5":31,"6":8,"7":8,"8":23,"9":23,"10":0,"11":0,"12":23,"13":23,"14":17,"15":17,"16":17,"17":0,"18":0,"19":17,"20":17,"21":14,"22":14,"23":14,"24":0,"25":7},"f":{"0":31},"b":{"0":[8,23],"1":[0,23],"2":[0,17],"3":[14,0],"4":[14,6]},"_coverageSchema":"1a1c01bbd47fc00a2c39e90264f33305004495a9","hash":"c0f98f9e35d33a7eff0a3c82c4eb49e075db8c20"}
,"C:\\Users\\Tasya\\personal\\Downloads\\Hacktiv8\\phase2\\week3\\day1\\IP-HCK65\\server-side\\models\\category.js": {"path":"C:\\Users\\Tasya\\personal\\Downloads\\Hacktiv8\\phase2\\week3\\day1\\IP-HCK65\\server-side\\models\\category.js","statementMap":{"0":{"start":{"line":4,"column":4},"end":{"line":4,"column":24}},"1":{"start":{"line":5,"column":0},"end":{"line":27,"column":2}},"2":{"start":{"line":14,"column":6},"end":{"line":17,"column":10}},"3":{"start":{"line":20,"column":2},"end":{"line":25,"column":5}},"4":{"start":{"line":26,"column":2},"end":{"line":26,"column":18}}},"fnMap":{"0":{"name":"(anonymous_0)","decl":{"start":{"line":5,"column":17},"end":{"line":5,"column":18}},"loc":{"start":{"line":5,"column":43},"end":{"line":27,"column":1}},"line":5},"1":{"name":"(anonymous_1)","decl":{"start":{"line":12,"column":4},"end":{"line":12,"column":5}},"loc":{"start":{"line":12,"column":29},"end":{"line":18,"column":5}},"line":12}},"branchMap":{},"s":{"0":7,"1":7,"2":7,"3":7,"4":7},"f":{"0":7,"1":7},"b":{},"_coverageSchema":"1a1c01bbd47fc00a2c39e90264f33305004495a9","hash":"68bb857ee982c1380a1de334c424a4ce6c290d3d"}
,"C:\\Users\\Tasya\\personal\\Downloads\\Hacktiv8\\phase2\\week3\\day1\\IP-HCK65\\server-side\\models\\feedback.js": {"path":"C:\\Users\\Tasya\\personal\\Downloads\\Hacktiv8\\phase2\\week3\\day1\\IP-HCK65\\server-side\\models\\feedback.js","statementMap":{"0":{"start":{"line":4,"column":4},"end":{"line":4,"column":24}},"1":{"start":{"line":5,"column":0},"end":{"line":41,"column":2}},"2":{"start":{"line":16,"column":2},"end":{"line":39,"column":5}},"3":{"start":{"line":40,"column":2},"end":{"line":40,"column":18}}},"fnMap":{"0":{"name":"(anonymous_0)","decl":{"start":{"line":5,"column":17},"end":{"line":5,"column":18}},"loc":{"start":{"line":5,"column":43},"end":{"line":41,"column":1}},"line":5},"1":{"name":"(anonymous_1)","decl":{"start":{"line":12,"column":4},"end":{"line":12,"column":5}},"loc":{"start":{"line":12,"column":29},"end":{"line":14,"column":5}},"line":12}},"branchMap":{},"s":{"0":7,"1":7,"2":7,"3":7},"f":{"0":7,"1":7},"b":{},"_coverageSchema":"1a1c01bbd47fc00a2c39e90264f33305004495a9","hash":"7f130ae50c5532bd1ce200708b38f1a3c2b92c00"}
,"C:\\Users\\Tasya\\personal\\Downloads\\Hacktiv8\\phase2\\week3\\day1\\IP-HCK65\\server-side\\models\\index.js": {"path":"C:\\Users\\Tasya\\personal\\Downloads\\Hacktiv8\\phase2\\week3\\day1\\IP-HCK65\\server-side\\models\\index.js","statementMap":{"0":{"start":{"line":3,"column":11},"end":{"line":3,"column":24}},"1":{"start":{"line":4,"column":13},"end":{"line":4,"column":28}},"2":{"start":{"line":5,"column":18},"end":{"line":5,"column":38}},"3":{"start":{"line":6,"column":16},"end":{"line":6,"column":34}},"4":{"start":{"line":7,"column":17},"end":{"line":7,"column":42}},"5":{"start":{"line":8,"column":12},"end":{"line":8,"column":49}},"6":{"start":{"line":9,"column":15},"end":{"line":9,"column":65}},"7":{"start":{"line":10,"column":11},"end":{"line":10,"column":13}},"8":{"start":{"line":13,"column":0},"end":{"line":17,"column":1}},"9":{"start":{"line":14,"column":2},"end":{"line":14,"column":74}},"10":{"start":{"line":16,"column":2},"end":{"line":16,"column":87}},"11":{"start":{"line":19,"column":0},"end":{"line":32,"column":5}},"12":{"start":{"line":22,"column":4},"end":{"line":27,"column":6}},"13":{"start":{"line":30,"column":18},"end":{"line":30,"column":85}},"14":{"start":{"line":31,"column":4},"end":{"line":31,"column":27}},"15":{"start":{"line":34,"column":0},"end":{"line":38,"column":3}},"16":{"start":{"line":35,"column":2},"end":{"line":37,"column":3}},"17":{"start":{"line":36,"column":4},"end":{"line":36,"column":32}},"18":{"start":{"line":40,"column":0},"end":{"line":40,"column":25}},"19":{"start":{"line":41,"column":0},"end":{"line":41,"column":25}},"20":{"start":{"line":43,"column":0},"end":{"line":43,"column":20}}},"fnMap":{"0":{"name":"(anonymous_0)","decl":{"start":{"line":21,"column":10},"end":{"line":21,"column":11}},"loc":{"start":{"line":21,"column":18},"end":{"line":28,"column":3}},"line":21},"1":{"name":"(anonymous_1)","decl":{"start":{"line":29,"column":11},"end":{"line":29,"column":12}},"loc":{"start":{"line":29,"column":19},"end":{"line":32,"column":3}},"line":29},"2":{"name":"(anonymous_2)","decl":{"start":{"line":34,"column":24},"end":{"line":34,"column":25}},"loc":{"start":{"line":34,"column":37},"end":{"line":38,"column":1}},"line":34}},"branchMap":{"0":{"loc":{"start":{"line":8,"column":12},"end":{"line":8,"column":49}},"type":"binary-expr","locations":[{"start":{"line":8,"column":12},"end":{"line":8,"column":32}},{"start":{"line":8,"column":36},"end":{"line":8,"column":49}}],"line":8},"1":{"loc":{"start":{"line":13,"column":0},"end":{"line":17,"column":1}},"type":"if","locations":[{"start":{"line":13,"column":0},"end":{"line":17,"column":1}},{"start":{"line":15,"column":7},"end":{"line":17,"column":1}}],"line":13},"2":{"loc":{"start":{"line":23,"column":6},"end":{"line":26,"column":37}},"type":"binary-expr","locations":[{"start":{"line":23,"column":6},"end":{"line":23,"column":29}},{"start":{"line":24,"column":6},"end":{"line":24,"column":23}},{"start":{"line":25,"column":6},"end":{"line":25,"column":30}},{"start":{"line":26,"column":6},"end":{"line":26,"column":37}}],"line":23},"3":{"loc":{"start":{"line":35,"column":2},"end":{"line":37,"column":3}},"type":"if","locations":[{"start":{"line":35,"column":2},"end":{"line":37,"column":3}},{"start":{},"end":{}}],"line":35}},"s":{"0":7,"1":7,"2":7,"3":7,"4":7,"5":7,"6":7,"7":7,"8":7,"9":0,"10":7,"11":7,"12":42,"13":35,"14":35,"15":7,"16":35,"17":35,"18":7,"19":7,"20":7},"f":{"0":42,"1":35,"2":35},"b":{"0":[7,0],"1":[0,7],"2":[42,42,35,35],"3":[35,0]},"_coverageSchema":"1a1c01bbd47fc00a2c39e90264f33305004495a9","hash":"8674fe4b02515e1e18812d526c67e2903df0ebcd"}
,"C:\\Users\\Tasya\\personal\\Downloads\\Hacktiv8\\phase2\\week3\\day1\\IP-HCK65\\server-side\\models\\recipe.js": {"path":"C:\\Users\\Tasya\\personal\\Downloads\\Hacktiv8\\phase2\\week3\\day1\\IP-HCK65\\server-side\\models\\recipe.js","statementMap":{"0":{"start":{"line":2,"column":18},"end":{"line":2,"column":38}},"1":{"start":{"line":3,"column":0},"end":{"line":80,"column":2}},"2":{"start":{"line":12,"column":6},"end":{"line":14,"column":9}},"3":{"start":{"line":15,"column":6},"end":{"line":15,"column":41}},"4":{"start":{"line":18,"column":2},"end":{"line":75,"column":4}},"5":{"start":{"line":76,"column":2},"end":{"line":78,"column":5}},"6":{"start":{"line":77,"column":4},"end":{"line":77,"column":34}},"7":{"start":{"line":79,"column":2},"end":{"line":79,"column":16}}},"fnMap":{"0":{"name":"(anonymous_0)","decl":{"start":{"line":3,"column":17},"end":{"line":3,"column":18}},"loc":{"start":{"line":3,"column":43},"end":{"line":80,"column":1}},"line":3},"1":{"name":"(anonymous_1)","decl":{"start":{"line":10,"column":4},"end":{"line":10,"column":5}},"loc":{"start":{"line":10,"column":29},"end":{"line":16,"column":5}},"line":10},"2":{"name":"(anonymous_2)","decl":{"start":{"line":76,"column":22},"end":{"line":76,"column":23}},"loc":{"start":{"line":76,"column":49},"end":{"line":78,"column":3}},"line":76}},"branchMap":{},"s":{"0":7,"1":7,"2":7,"3":7,"4":7,"5":7,"6":0,"7":7},"f":{"0":7,"1":7,"2":0},"b":{},"_coverageSchema":"1a1c01bbd47fc00a2c39e90264f33305004495a9","hash":"e49e2e7a7d26d51dcb13f718184d8d932551f586"}
,"C:\\Users\\Tasya\\personal\\Downloads\\Hacktiv8\\phase2\\week3\\day1\\IP-HCK65\\server-side\\models\\transaction.js": {"path":"C:\\Users\\Tasya\\personal\\Downloads\\Hacktiv8\\phase2\\week3\\day1\\IP-HCK65\\server-side\\models\\transaction.js","statementMap":{"0":{"start":{"line":4,"column":4},"end":{"line":4,"column":24}},"1":{"start":{"line":5,"column":0},"end":{"line":25,"column":2}},"2":{"start":{"line":16,"column":2},"end":{"line":23,"column":5}},"3":{"start":{"line":24,"column":2},"end":{"line":24,"column":21}}},"fnMap":{"0":{"name":"(anonymous_0)","decl":{"start":{"line":5,"column":17},"end":{"line":5,"column":18}},"loc":{"start":{"line":5,"column":43},"end":{"line":25,"column":1}},"line":5},"1":{"name":"(anonymous_1)","decl":{"start":{"line":12,"column":4},"end":{"line":12,"column":5}},"loc":{"start":{"line":12,"column":29},"end":{"line":14,"column":5}},"line":12}},"branchMap":{},"s":{"0":7,"1":7,"2":7,"3":7},"f":{"0":7,"1":7},"b":{},"_coverageSchema":"1a1c01bbd47fc00a2c39e90264f33305004495a9","hash":"500031b436a8f4917e04feb553b86e4d94f854f9"}
,"C:\\Users\\Tasya\\personal\\Downloads\\Hacktiv8\\phase2\\week3\\day1\\IP-HCK65\\server-side\\models\\user.js": {"path":"C:\\Users\\Tasya\\personal\\Downloads\\Hacktiv8\\phase2\\week3\\day1\\IP-HCK65\\server-side\\models\\user.js","statementMap":{"0":{"start":{"line":2,"column":18},"end":{"line":2,"column":38}},"1":{"start":{"line":3,"column":25},"end":{"line":3,"column":53}},"2":{"start":{"line":4,"column":18},"end":{"line":4,"column":50}},"3":{"start":{"line":5,"column":0},"end":{"line":83,"column":2}},"4":{"start":{"line":16,"column":2},"end":{"line":71,"column":4}},"5":{"start":{"line":72,"column":2},"end":{"line":75,"column":5}},"6":{"start":{"line":73,"column":27},"end":{"line":73,"column":54}},"7":{"start":{"line":74,"column":4},"end":{"line":74,"column":35}},"8":{"start":{"line":77,"column":2},"end":{"line":79,"column":5}},"9":{"start":{"line":78,"column":23},"end":{"line":78,"column":44}},"10":{"start":{"line":82,"column":2},"end":{"line":82,"column":14}}},"fnMap":{"0":{"name":"(anonymous_0)","decl":{"start":{"line":5,"column":17},"end":{"line":5,"column":18}},"loc":{"start":{"line":5,"column":43},"end":{"line":83,"column":1}},"line":5},"1":{"name":"(anonymous_1)","decl":{"start":{"line":12,"column":4},"end":{"line":12,"column":5}},"loc":{"start":{"line":12,"column":29},"end":{"line":14,"column":5}},"line":12},"2":{"name":"(anonymous_2)","decl":{"start":{"line":72,"column":20},"end":{"line":72,"column":21}},"loc":{"start":{"line":72,"column":44},"end":{"line":75,"column":3}},"line":72},"3":{"name":"(anonymous_3)","decl":{"start":{"line":77,"column":20},"end":{"line":77,"column":21}},"loc":{"start":{"line":77,"column":45},"end":{"line":79,"column":3}},"line":77}},"branchMap":{},"s":{"0":7,"1":7,"2":7,"3":7,"4":7,"5":7,"6":7,"7":7,"8":7,"9":7,"10":7},"f":{"0":7,"1":7,"2":7,"3":7},"b":{},"_coverageSchema":"1a1c01bbd47fc00a2c39e90264f33305004495a9","hash":"a97d5e3a35d3d95e2287ca83750028063bdda13d"}
}
