TN:
SF:app.js
FNF:0
FNH:0
DA:3,7
DA:4,7
DA:8,7
DA:9,7
DA:10,7
DA:11,7
DA:13,7
DA:15,7
DA:16,7
DA:18,7
DA:21,7
DA:22,7
DA:23,7
DA:25,7
DA:26,7
DA:27,7
DA:28,7
DA:29,7
DA:30,7
DA:31,7
DA:32,7
DA:33,7
DA:34,7
DA:40,7
LF:24
LH:24
BRDA:3,0,0,7
BRDA:3,0,1,0
BRF:2
BRH:1
end_of_record
TN:
SF:controllers\controller.js
FN:12,(anonymous_0)
FN:32,(anonymous_1)
FN:81,(anonymous_2)
FN:94,(anonymous_3)
FN:114,(anonymous_4)
FN:124,(anonymous_5)
FN:141,(anonymous_6)
FN:173,(anonymous_7)
FN:205,(anonymous_8)
FN:230,(anonymous_9)
FN:246,(anonymous_10)
FN:259,(anonymous_11)
FNF:12
FNH:6
FNDA:0,(anonymous_0)
FNDA:5,(anonymous_1)
FNDA:1,(anonymous_2)
FNDA:3,(anonymous_3)
FNDA:1,(anonymous_4)
FNDA:2,(anonymous_5)
FNDA:0,(anonymous_6)
FNDA:3,(anonymous_7)
FNDA:0,(anonymous_8)
FNDA:0,(anonymous_9)
FNDA:0,(anonymous_10)
FNDA:0,(anonymous_11)
DA:1,7
DA:2,7
DA:3,7
DA:5,7
DA:6,7
DA:7,7
DA:8,7
DA:13,0
DA:14,0
DA:16,0
DA:17,0
DA:19,0
DA:28,0
DA:33,5
DA:34,5
DA:36,5
DA:37,1
DA:38,4
DA:39,1
DA:42,3
DA:44,3
DA:45,3
DA:48,0
DA:49,0
DA:50,0
DA:53,0
DA:55,0
DA:57,5
DA:63,5
DA:82,1
DA:83,1
DA:84,1
DA:86,1
DA:88,0
DA:90,0
DA:95,3
DA:96,3
DA:97,3
DA:98,3
DA:99,1
DA:102,2
DA:104,1
DA:110,1
DA:115,1
DA:116,1
DA:118,1
DA:120,0
DA:125,2
DA:126,2
DA:128,2
DA:133,2
DA:135,0
DA:137,0
DA:142,0
DA:143,0
DA:144,0
DA:145,0
DA:146,0
DA:151,0
DA:164,0
DA:165,0
DA:167,0
DA:169,0
DA:174,3
DA:175,3
DA:176,3
DA:177,3
DA:178,2
DA:183,1
DA:187,1
DA:201,2
DA:206,0
DA:207,0
DA:208,0
DA:209,0
DA:214,0
DA:218,0
DA:222,0
DA:226,0
DA:231,0
DA:232,0
DA:234,0
DA:235,0
DA:238,0
DA:240,0
DA:242,0
DA:247,0
DA:248,0
DA:250,0
DA:251,0
DA:253,0
DA:255,0
DA:260,0
DA:261,0
DA:262,0
DA:267,0
DA:268,0
DA:270,0
DA:271,0
DA:272,0
DA:279,0
DA:280,0
DA:282,0
DA:284,0
DA:288,0
DA:293,7
LF:106
LH:46
BRDA:36,0,0,1
BRDA:36,0,1,4
BRDA:38,1,0,1
BRDA:38,1,1,3
BRDA:44,2,0,3
BRDA:44,2,1,0
BRDA:49,3,0,0
BRDA:49,3,1,0
BRDA:98,4,0,1
BRDA:98,4,1,2
BRDA:177,5,0,2
BRDA:177,5,1,1
BRDA:208,6,0,0
BRDA:208,6,1,0
BRDA:234,7,0,0
BRDA:234,7,1,0
BRDA:271,8,0,0
BRDA:271,8,1,0
BRF:18
BRH:9
end_of_record
TN:
SF:helpers\bcrypt.js
FN:3,(anonymous_0)
FN:8,(anonymous_1)
FNF:2
FNH:1
FNDA:7,(anonymous_0)
FNDA:0,(anonymous_1)
DA:1,7
DA:3,7
DA:4,7
DA:5,7
DA:8,7
DA:9,0
DA:12,7
LF:7
LH:6
BRF:0
BRH:0
end_of_record
TN:
SF:helpers\jwt.js
FN:6,(anonymous_0)
FN:10,(anonymous_1)
FNF:2
FNH:2
FNDA:6,(anonymous_0)
FNDA:23,(anonymous_1)
DA:1,7
DA:2,7
DA:6,7
DA:7,6
DA:10,7
DA:11,23
DA:14,7
LF:7
LH:7
BRF:0
BRH:0
end_of_record
TN:
SF:helpers\nodemailer.js
FN:4,(anonymous_0)
FN:21,(anonymous_1)
FNF:2
FNH:1
FNDA:7,(anonymous_0)
FNDA:0,(anonymous_1)
DA:1,7
DA:4,7
DA:6,7
DA:14,7
DA:21,7
DA:22,0
DA:23,0
DA:25,0
DA:30,7
LF:9
LH:6
BRDA:22,0,0,0
BRDA:22,0,1,0
BRF:2
BRH:0
end_of_record
TN:
SF:middlewares\authentication.js
FN:4,authentication
FNF:1
FNH:1
FNDA:31,authentication
DA:1,7
DA:2,7
DA:5,31
DA:6,31
DA:8,31
DA:9,31
DA:10,8
DA:11,8
DA:13,23
DA:14,23
DA:15,0
DA:16,0
DA:19,23
DA:20,23
DA:22,17
DA:23,17
DA:25,17
DA:26,0
DA:28,0
DA:31,17
DA:35,17
DA:37,14
DA:38,14
DA:39,14
DA:41,0
DA:45,7
LF:26
LH:21
BRDA:9,0,0,8
BRDA:9,0,1,23
BRDA:14,1,0,0
BRDA:14,1,1,23
BRDA:25,2,0,0
BRDA:25,2,1,17
BRDA:38,3,0,14
BRDA:38,3,1,0
BRDA:38,4,0,14
BRDA:38,4,1,6
BRF:10
BRH:7
end_of_record
TN:
SF:models\category.js
FN:5,(anonymous_0)
FN:12,(anonymous_1)
FNF:2
FNH:2
FNDA:7,(anonymous_0)
FNDA:7,(anonymous_1)
DA:4,7
DA:5,7
DA:14,7
DA:20,7
DA:26,7
LF:5
LH:5
BRF:0
BRH:0
end_of_record
TN:
SF:models\feedback.js
FN:5,(anonymous_0)
FN:12,(anonymous_1)
FNF:2
FNH:2
FNDA:7,(anonymous_0)
FNDA:7,(anonymous_1)
DA:4,7
DA:5,7
DA:16,7
DA:40,7
LF:4
LH:4
BRF:0
BRH:0
end_of_record
TN:
SF:models\index.js
FN:21,(anonymous_0)
FN:29,(anonymous_1)
FN:34,(anonymous_2)
FNF:3
FNH:3
FNDA:42,(anonymous_0)
FNDA:35,(anonymous_1)
FNDA:35,(anonymous_2)
DA:3,7
DA:4,7
DA:5,7
DA:6,7
DA:7,7
DA:8,7
DA:9,7
DA:10,7
DA:13,7
DA:14,0
DA:16,7
DA:19,7
DA:22,42
DA:30,35
DA:31,35
DA:34,7
DA:35,35
DA:36,35
DA:40,7
DA:41,7
DA:43,7
LF:21
LH:20
BRDA:8,0,0,7
BRDA:8,0,1,0
BRDA:13,1,0,0
BRDA:13,1,1,7
BRDA:23,2,0,42
BRDA:23,2,1,42
BRDA:23,2,2,35
BRDA:23,2,3,35
BRDA:35,3,0,35
BRDA:35,3,1,0
BRF:10
BRH:7
end_of_record
TN:
SF:models\recipe.js
FN:3,(anonymous_0)
FN:10,(anonymous_1)
FN:76,(anonymous_2)
FNF:3
FNH:2
FNDA:7,(anonymous_0)
FNDA:7,(anonymous_1)
FNDA:0,(anonymous_2)
DA:2,7
DA:3,7
DA:12,7
DA:15,7
DA:18,7
DA:76,7
DA:77,0
DA:79,7
LF:8
LH:7
BRF:0
BRH:0
end_of_record
TN:
SF:models\transaction.js
FN:5,(anonymous_0)
FN:12,(anonymous_1)
FNF:2
FNH:2
FNDA:7,(anonymous_0)
FNDA:7,(anonymous_1)
DA:4,7
DA:5,7
DA:16,7
DA:24,7
LF:4
LH:4
BRF:0
BRH:0
end_of_record
TN:
SF:models\user.js
FN:5,(anonymous_0)
FN:12,(anonymous_1)
FN:72,(anonymous_2)
FN:77,(anonymous_3)
FNF:4
FNH:4
FNDA:7,(anonymous_0)
FNDA:7,(anonymous_1)
FNDA:7,(anonymous_2)
FNDA:7,(anonymous_3)
DA:2,7
DA:3,7
DA:4,7
DA:5,7
DA:16,7
DA:72,7
DA:73,7
DA:74,7
DA:77,7
DA:78,7
DA:82,7
LF:11
LH:11
BRF:0
BRH:0
end_of_record
