TN:
SF:app.js
FNF:0
FNH:0
DA:3,4
DA:4,4
DA:8,4
DA:9,4
DA:10,4
DA:11,4
DA:13,4
DA:15,4
DA:16,4
DA:18,4
DA:21,4
DA:22,4
DA:23,4
DA:25,4
DA:26,4
DA:27,4
DA:28,4
DA:29,4
DA:30,4
DA:31,4
DA:32,4
DA:33,4
DA:34,4
DA:40,4
LF:24
LH:24
BRDA:3,0,0,4
BRDA:3,0,1,0
BRF:2
BRH:1
end_of_record
TN:
SF:controllers\controller.js
FN:11,(anonymous_0)
FN:31,(anonymous_1)
FN:80,(anonymous_2)
FN:93,(anonymous_3)
FN:113,(anonymous_4)
FN:123,(anonymous_5)
FN:140,(anonymous_6)
FN:172,(anonymous_7)
FN:204,(anonymous_8)
FN:229,(anonymous_9)
FN:245,(anonymous_10)
FN:258,(anonymous_11)
FNF:12
FNH:2
FNDA:0,(anonymous_0)
FNDA:5,(anonymous_1)
FNDA:0,(anonymous_2)
FNDA:3,(anonymous_3)
FNDA:0,(anonymous_4)
FNDA:0,(anonymous_5)
FNDA:0,(anonymous_6)
FNDA:0,(anonymous_7)
FNDA:0,(anonymous_8)
FNDA:0,(anonymous_9)
FNDA:0,(anonymous_10)
FNDA:0,(anonymous_11)
DA:1,4
DA:2,4
DA:3,4
DA:5,4
DA:6,4
DA:7,4
DA:8,4
DA:12,0
DA:13,0
DA:15,0
DA:16,0
DA:18,0
DA:27,0
DA:32,5
DA:33,5
DA:35,5
DA:36,1
DA:37,4
DA:38,1
DA:41,3
DA:43,3
DA:44,3
DA:47,0
DA:48,0
DA:49,0
DA:52,0
DA:54,0
DA:56,5
DA:62,5
DA:81,0
DA:82,0
DA:83,0
DA:85,0
DA:87,0
DA:89,0
DA:94,3
DA:95,3
DA:96,3
DA:97,3
DA:98,1
DA:101,2
DA:103,1
DA:109,1
DA:114,0
DA:115,0
DA:117,0
DA:119,0
DA:124,0
DA:125,0
DA:127,0
DA:132,0
DA:134,0
DA:136,0
DA:141,0
DA:142,0
DA:143,0
DA:144,0
DA:145,0
DA:150,0
DA:163,0
DA:164,0
DA:166,0
DA:168,0
DA:173,0
DA:174,0
DA:175,0
DA:176,0
DA:177,0
DA:182,0
DA:186,0
DA:200,0
DA:205,0
DA:206,0
DA:207,0
DA:208,0
DA:213,0
DA:217,0
DA:221,0
DA:225,0
DA:230,0
DA:231,0
DA:233,0
DA:234,0
DA:237,0
DA:239,0
DA:241,0
DA:246,0
DA:247,0
DA:249,0
DA:250,0
DA:252,0
DA:254,0
DA:259,0
DA:260,0
DA:261,0
DA:266,0
DA:267,0
DA:269,0
DA:270,0
DA:271,0
DA:278,0
DA:279,0
DA:281,0
DA:283,0
DA:287,0
DA:292,4
LF:106
LH:27
BRDA:35,0,0,1
BRDA:35,0,1,4
BRDA:37,1,0,1
BRDA:37,1,1,3
BRDA:43,2,0,3
BRDA:43,2,1,0
BRDA:48,3,0,0
BRDA:48,3,1,0
BRDA:97,4,0,1
BRDA:97,4,1,2
BRDA:176,5,0,0
BRDA:176,5,1,0
BRDA:207,6,0,0
BRDA:207,6,1,0
BRDA:233,7,0,0
BRDA:233,7,1,0
BRDA:270,8,0,0
BRDA:270,8,1,0
BRF:18
BRH:7
end_of_record
TN:
SF:helpers\bcrypt.js
FN:3,(anonymous_0)
FN:8,(anonymous_1)
FNF:2
FNH:1
FNDA:4,(anonymous_0)
FNDA:0,(anonymous_1)
DA:1,4
DA:3,4
DA:4,4
DA:5,4
DA:8,4
DA:9,0
DA:12,4
LF:7
LH:6
BRF:0
BRH:0
end_of_record
TN:
SF:helpers\jwt.js
FN:6,(anonymous_0)
FN:10,(anonymous_1)
FNF:2
FNH:2
FNDA:3,(anonymous_0)
FNDA:10,(anonymous_1)
DA:1,4
DA:2,4
DA:6,4
DA:7,3
DA:10,4
DA:11,10
DA:14,4
LF:7
LH:7
BRF:0
BRH:0
end_of_record
TN:
SF:helpers\nodemailer.js
FN:4,(anonymous_0)
FN:21,(anonymous_1)
FNF:2
FNH:1
FNDA:4,(anonymous_0)
FNDA:0,(anonymous_1)
DA:1,4
DA:4,4
DA:6,4
DA:14,4
DA:21,4
DA:22,0
DA:23,0
DA:25,0
DA:30,4
LF:9
LH:6
BRDA:22,0,0,0
BRDA:22,0,1,0
BRF:2
BRH:0
end_of_record
TN:
SF:middlewares\authentication.js
FN:4,authentication
FNF:1
FNH:1
FNDA:16,authentication
DA:1,4
DA:2,4
DA:5,16
DA:6,16
DA:8,16
DA:9,16
DA:10,6
DA:11,6
DA:13,10
DA:14,10
DA:15,0
DA:16,0
DA:19,10
DA:20,10
DA:22,8
DA:23,8
DA:25,8
DA:26,0
DA:28,0
DA:31,8
DA:35,8
DA:37,8
DA:38,8
DA:39,8
DA:41,0
DA:45,4
LF:26
LH:21
BRDA:9,0,0,6
BRDA:9,0,1,10
BRDA:14,1,0,0
BRDA:14,1,1,10
BRDA:25,2,0,0
BRDA:25,2,1,8
BRDA:38,3,0,8
BRDA:38,3,1,0
BRDA:38,4,0,8
BRDA:38,4,1,2
BRF:10
BRH:7
end_of_record
TN:
SF:models\category.js
FN:5,(anonymous_0)
FN:12,(anonymous_1)
FNF:2
FNH:2
FNDA:4,(anonymous_0)
FNDA:4,(anonymous_1)
DA:4,4
DA:5,4
DA:14,4
DA:20,4
DA:26,4
LF:5
LH:5
BRF:0
BRH:0
end_of_record
TN:
SF:models\feedback.js
FN:5,(anonymous_0)
FN:12,(anonymous_1)
FNF:2
FNH:2
FNDA:4,(anonymous_0)
FNDA:4,(anonymous_1)
DA:4,4
DA:5,4
DA:16,4
DA:40,4
LF:4
LH:4
BRF:0
BRH:0
end_of_record
TN:
SF:models\index.js
FN:21,(anonymous_0)
FN:29,(anonymous_1)
FN:34,(anonymous_2)
FNF:3
FNH:3
FNDA:24,(anonymous_0)
FNDA:20,(anonymous_1)
FNDA:20,(anonymous_2)
DA:3,4
DA:4,4
DA:5,4
DA:6,4
DA:7,4
DA:8,4
DA:9,4
DA:10,4
DA:13,4
DA:14,0
DA:16,4
DA:19,4
DA:22,24
DA:30,20
DA:31,20
DA:34,4
DA:35,20
DA:36,20
DA:40,4
DA:41,4
DA:43,4
LF:21
LH:20
BRDA:8,0,0,4
BRDA:8,0,1,0
BRDA:13,1,0,0
BRDA:13,1,1,4
BRDA:23,2,0,24
BRDA:23,2,1,24
BRDA:23,2,2,20
BRDA:23,2,3,20
BRDA:35,3,0,20
BRDA:35,3,1,0
BRF:10
BRH:7
end_of_record
TN:
SF:models\recipe.js
FN:3,(anonymous_0)
FN:10,(anonymous_1)
FN:76,(anonymous_2)
FNF:3
FNH:2
FNDA:4,(anonymous_0)
FNDA:4,(anonymous_1)
FNDA:0,(anonymous_2)
DA:2,4
DA:3,4
DA:12,4
DA:15,4
DA:18,4
DA:76,4
DA:77,0
DA:79,4
LF:8
LH:7
BRF:0
BRH:0
end_of_record
TN:
SF:models\transaction.js
FN:5,(anonymous_0)
FN:12,(anonymous_1)
FNF:2
FNH:2
FNDA:4,(anonymous_0)
FNDA:4,(anonymous_1)
DA:4,4
DA:5,4
DA:16,4
DA:24,4
LF:4
LH:4
BRF:0
BRH:0
end_of_record
TN:
SF:models\user.js
FN:5,(anonymous_0)
FN:12,(anonymous_1)
FN:72,(anonymous_2)
FN:77,(anonymous_3)
FNF:4
FNH:4
FNDA:4,(anonymous_0)
FNDA:4,(anonymous_1)
FNDA:4,(anonymous_2)
FNDA:4,(anonymous_3)
DA:2,4
DA:3,4
DA:4,4
DA:5,4
DA:16,4
DA:72,4
DA:73,4
DA:74,4
DA:77,4
DA:78,4
DA:82,4
LF:11
LH:11
BRF:0
BRH:0
end_of_record
